<?xml version="1.0" encoding="UTF-8"?>
<!-- Generated by org.testng.reporters.JUnitReportReporter -->
<testsuite hostname="IEA-42612" failures="0" tests="5" name="RecipesTest" time="8.732" errors="0" timestamp="03 Apr 2024 20:10:55 GMT" skipped="0">
  <testcase classname="RecipesTest" name="ClassifyCuisine" time="0.701"/>
  <testcase classname="RecipesTest" name="GetRecipeInformation" time="0.712"/>
  <testcase classname="RecipesTest" name="SearchRecipes" time="1.006"/>
  <testcase classname="RecipesTest" name="SummarizeRecipe" time="4.513"/>
  <testcase classname="RecipesTest" name="AnalyzeRecipe" time="1.800"/>
</testsuite> <!-- RecipesTest -->
